This is LuaTeX, Version 1.10.0 (TeX Live 2019/Arch Linux)  (format=lualatex 2019.12.21)  21 DEC 2019 17:45
 restricted system commands enabled.
**thesis.tex
(./thesis.tex
LaTeX2e <2019-10-01> patch level 1
Lua module: luaotfload-main 2019-09-13 3.00 luaotfload entry point
Lua module: luaotfload-init 2019-09-13 3.00 luaotfload submodule / initializatio
n
Lua module: lualibs 2019-08-11 2.67 ConTeXt Lua standard libraries.
Lua module: lualibs-extended 2019-08-11 2.67 ConTeXt Lua libraries -- extended c
ollection.
Lua module: luaotfload-log 2019-09-13 3.00 luaotfload submodule / logging
Lua module: luaotfload-parsers 2019-09-13 3.00 luaotfload submodule / filelist
Lua module: luaotfload-configuration 2019-09-13 3.00 luaotfload submodule / conf
ig file reader
luaotfload | conf : Root cache directory is /home/anime4life/.texlive/texmf-var/
luatex-cache/generic/names.
luaotfload | init : Loading fontloader “fontloader-2019-08-11.lua” from kpse
-resolved path “/usr/share/texmf-dist/tex/luatex/luaotfload/fontloader-2019-08
-11.lua”.
Lua-only attribute luaotfload@state = 2
Lua-only attribute luaotfload@noligature = 3
Lua-only attribute luaotfload@syllabe = 4
luaotfload | init : Context OpenType loader version “3.109”
Inserting `luaotfload.node_processor' at position 1 in `pre_linebreak_filter'.
Inserting `luaotfload.node_processor' at position 1 in `hpack_filter'.
Lua module: luaotfload-loaders 2019-09-13 3.00 luaotfload submodule / callback h
andling
Inserting `luaotfload.define_font' at position 1 in `define_font'.
Lua module: luaotfload-database 2019-09-13 3.00 luaotfload submodule / database
Lua module: luaotfload-unicode 2019-09-13 3.00 luaotfload submodule / Unicode he
lpers
Lua module: luaotfload-colors 2019-09-13 3.00 luaotfload submodule / color
Lua-only attribute luaotfload_color_attribute = 5
Lua module: luaotfload-resolvers 2019-09-13 3.00 luaotfload submodule / resolver
s
luaotfload | conf : Root cache directory is /home/anime4life/.texlive/texmf-var/
luatex-cache/generic/names.
Lua module: luaotfload-features 2019-09-13 3.00 luaotfload submodule / features
Lua module: luaotfload-letterspace 2019-09-13 3.00 luaotfload submodule / color
Lua module: luaotfload-embolden 2019-09-13 3.00 luaotfload submodule / color
Lua module: luaotfload-notdef 2019-09-13 3.00 luaotfload submodule / color
Lua module: luaotfload-auxiliary 2019-09-13 3.00 luaotfload submodule / auxiliar
y functions
Inserting `luaotfload.aux.set_sscale_dimens' at position 1 in `luaotfload.patch_
font'.
Inserting `luaotfload.aux.patch_cambria_domh' at position 2 in `luaotfload.patch
_font'.
Inserting `luaotfload.aux.fixup_fontdata' at position 1 in `luaotfload.patch_fon
t_unsafe'.
Inserting `luaotfload.aux.set_capheight' at position 3 in `luaotfload.patch_font
'.
Inserting `luaotfload.aux.set_xheight' at position 4 in `luaotfload.patch_font'.
Lua module: luaotfload-multiscript 2019-09-13 3.00 luaotfload submodule / multis
cript
Inserting `luaotfload.rewrite_fontname' at position 5 in `luaotfload.patch_font'
.
luaotfload | main : initialization completed in 0.129 seconds
(/usr/share/texmf-dist/tex/latex/extsizes/extarticle.cls
Document Class: extarticle 1996/10/08 v1.0 Non Standard LaTeX document class
(/usr/share/texmf-dist/tex/latex/base/fleqn.clo
File: fleqn.clo 2016/12/29 v1.2b Standard LaTeX option (flush left equations)
\mathindent=\dimen102
Applying: [2015/01/01] Make \[ robust on input line 50.
LaTeX Info: Redefining \[ on input line 51.
Already applied: [0000/00/00] Make \[ robust on input line 62.
Applying: [2015/01/01] Make \] robust on input line 74.
LaTeX Info: Redefining \] on input line 75.
Already applied: [0000/00/00] Make \] robust on input line 83.
)
(/usr/share/texmf-dist/tex/latex/extsizes/size14.clo
File: size14.clo 1999/11/11 v1.4a NON-Standard LaTeX file (size option)
luaotfload | db : Font names database loaded from /home/anime4life/.texlive/texm
f-var/luatex-cache/generic/names/luaotfload-names.luc)
(/usr/share/texmf-dist/tex/latex/base/exscale.sty
Package: exscale 2018/09/24 v2.1i Standard LaTeX package exscale
LaTeX Font Info:    Redeclaring symbol font `largesymbols' on input line 57.
LaTeX Font Info:    Overwriting symbol font `largesymbols' in version `normal'
(Font)                  OMX/cmex/m/n --> OMX/cmex/m/n on input line 57.
LaTeX Font Info:    Overwriting symbol font `largesymbols' in version `bold'
(Font)                  OMX/cmex/m/n --> OMX/cmex/m/n on input line 57.
\big@size=\dimen103
)
\c@part=\count80
\c@section=\count81
\c@subsection=\count82
\c@subsubsection=\count83
\c@paragraph=\count84
\c@subparagraph=\count85
\c@figure=\count86
\c@table=\count87
\abovecaptionskip=\skip41
\belowcaptionskip=\skip42
\bibindent=\dimen104
)
(/usr/share/texmf-dist/tex/latex/base/inputenc.sty
Package: inputenc 2018/08/11 v1.3c Input encoding file
\inpenc@prehook=\toks14
\inpenc@posthook=\toks15


Package inputenc Warning: inputenc package ignored with utf8 based engines.

) (/usr/share/texmf-dist/tex/latex/base/fontenc.sty
Package: fontenc 2018/08/11 v2.0j Standard LaTeX package

(/usr/share/texmf-dist/tex/latex/cyrillic/t2aenc.def
File: t2aenc.def 2005/09/27 v1.0i Cyrillic encoding definition file
)
LaTeX Font Info:    Trying to load font information for T2A+lmr on input line 10
5.
LaTeX Font Info:    No file T2Almr.fd. on input line 105.
LaTeX Font Info:    Trying to load font information for T2A+cmr on input line 10
5.

(/usr/share/texmf-dist/tex/latex/cyrillic/t2acmr.fd
File: t2acmr.fd 2001/08/11 v1.0a Computer Modern Cyrillic font definitions
)

LaTeX Font Warning: Font shape `T2A/lmr/m/n' undefined
(Font)              using `T2A/cmr/m/n' instead on input line 105.

) (/usr/share/texmf-dist/tex/generic/babel/babel.sty
Package: babel 2019/10/15 3.35 The Babel package

(/usr/share/texmf-dist/tex/generic/babel/switch.def
File: switch.def 2019/10/15 3.35 Babel switching mechanism
)
(/usr/share/texmf-dist/tex/generic/babel/luababel.def
\l@dumylang=\language2
Package babel Info: Non-standard hyphenation setup on input line 114.
\l@nohyphenation=\language3
\l@german-x-2019-04-04=\language4
\l@ngerman-x-2019-04-04=\language5
\l@afrikaans=\language6
\l@ancientgreek=\language7
\l@ibycus=\language8
\l@arabic=\language9
\l@armenian=\language10
\l@basque=\language11
\l@belarusian=\language12
\l@bulgarian=\language13
\l@catalan=\language14
\l@pinyin=\language15
\l@churchslavonic=\language16
\l@coptic=\language17
\l@croatian=\language18
\l@czech=\language19
\l@danish=\language20
\l@dutch=\language21
\l@ukenglish=\language22
\l@usenglishmax=\language23
\l@esperanto=\language24
\l@estonian=\language25
\l@ethiopic=\language26
\l@farsi=\language27
\l@finnish=\language28
\l@french=\language29
\l@friulan=\language30
\l@galician=\language31
\l@georgian=\language32
\l@german=\language33
\l@ngerman=\language34
\l@swissgerman=\language35
\l@monogreek=\language36
\l@greek=\language37
\l@hungarian=\language38
\l@icelandic=\language39
\l@assamese=\language40
\l@bengali=\language41
\l@gujarati=\language42
\l@hindi=\language43
\l@kannada=\language44
\l@malayalam=\language45
\l@marathi=\language46
\l@oriya=\language47
\l@panjabi=\language48
\l@pali=\language49
\l@tamil=\language50
\l@telugu=\language51
\l@indonesian=\language52
\l@interlingua=\language53
\l@irish=\language54
\l@italian=\language55
\l@kurmanji=\language56
\l@latin=\language57
\l@classiclatin=\language58
\l@liturgicallatin=\language59
\l@latvian=\language60
\l@lithuanian=\language61
\l@mongolian=\language62
\l@mongolianlmc=\language63
\l@bokmal=\language64
\l@nynorsk=\language65
\l@occitan=\language66
\l@piedmontese=\language67
\l@polish=\language68
\l@portuguese=\language69
\l@romanian=\language70
\l@romansh=\language71
\l@russian=\language72
\l@sanskrit=\language73
\l@serbian=\language74
\l@serbianc=\language75
\l@slovak=\language76
\l@slovenian=\language77
\l@spanish=\language78
\l@swedish=\language79
\l@thai=\language80
\l@turkish=\language81
\l@turkmen=\language82
\l@ukrainian=\language83
\l@uppersorbian=\language84
\l@welsh=\language85
)
(/usr/share/texmf-dist/tex/generic/babel-russian/russianb.ldf
Language: russian 2017/08/12 1.3j Russian support for the Babel system

(/usr/share/texmf-dist/tex/generic/babel/babel.def
File: babel.def 2019/10/15 3.35 Babel common definitions
\babel@savecnt=\count88
\U@D=\dimen105

(/usr/share/texmf-dist/tex/generic/babel/luababel.def
\bbl@attr@locale=\attribute6
))
Package babel Info: Making " an active character on input line 120.
Package babel Info: Default for \cyrdash is provided on input line 157.

(/usr/share/texmf-dist/tex/generic/hyph-utf8/loadhyph/loadhyph-ru.tex
UTF-8 Russian hyphenation patterns
(/usr/share/texmf-dist/tex/generic/hyph-utf8/patterns/tex/hyph-ru.tex))))
(/usr/share/texmf-dist/tex/latex/geometry/geometry.sty
Package: geometry 2018/04/16 v5.8 Page Geometry

(/usr/share/texmf-dist/tex/latex/graphics/keyval.sty
Package: keyval 2014/10/28 v1.15 key=value parser (DPC)
\KV@toks@=\toks16
)
(/usr/share/texmf-dist/tex/generic/oberdiek/ifpdf.sty
Package: ifpdf 2018/09/07 v3.3 Provides the ifpdf switch
)
(/usr/share/texmf-dist/tex/generic/oberdiek/ifvtex.sty
Package: ifvtex 2016/05/16 v1.6 Detect VTeX and its facilities (HO)
Package ifvtex Info: VTeX not detected.
)
(/usr/share/texmf-dist/tex/generic/ifxetex/ifxetex.sty
Package: ifxetex 2010/09/12 v0.6 Provides ifxetex conditional
)
\Gm@cnth=\count89
\Gm@cntv=\count90
\c@Gm@tempcnt=\count91
\Gm@bindingoffset=\dimen106
\Gm@wd@mp=\dimen107
\Gm@odd@mp=\dimen108
\Gm@even@mp=\dimen109
\Gm@layoutwidth=\dimen110
\Gm@layoutheight=\dimen111
\Gm@layouthoffset=\dimen112
\Gm@layoutvoffset=\dimen113
\Gm@dimlist=\toks17
)
(/usr/share/texmf-dist/tex/latex/lastpage/lastpage.sty
Package: lastpage 2015/03/29 v1.2m Refers to last page's name (HMM; JPG)
)
(/usr/share/texmf-dist/tex/latex/fancyhdr/fancyhdr.sty
Package: fancyhdr 2019/01/31 v3.10 Extensive control of page headers and footers

\f@nch@headwidth=\skip43
\f@nch@O@elh=\skip44
\f@nch@O@erh=\skip45
\f@nch@O@olh=\skip46
\f@nch@O@orh=\skip47
\f@nch@O@elf=\skip48
\f@nch@O@erf=\skip49
\f@nch@O@olf=\skip50
\f@nch@O@orf=\skip51
)
(/usr/share/texmf-dist/tex/latex/titlesec/titlesec.sty
Package: titlesec 2019/10/16 v2.13 Sectioning titles
\ttl@box=\box27
\beforetitleunit=\skip52
\aftertitleunit=\skip53
\ttl@plus=\dimen114
\ttl@minus=\dimen115
\ttl@toksa=\toks18
\titlewidth=\dimen116
\titlewidthlast=\dimen117
\titlewidthfirst=\dimen118
)
(/usr/share/texmf-dist/tex/latex/multirow/multirow.sty
Package: multirow 2019/05/31 v2.5 Span multiple rows of a table
\multirow@colwidth=\skip54
\multirow@cntb=\count92
\multirow@dima=\skip55
\bigstrutjot=\dimen119
)
(/usr/share/texmf-dist/tex/latex/graphics/graphicx.sty
Package: graphicx 2017/06/01 v1.1a Enhanced LaTeX Graphics (DPC,SPQR)

(/usr/share/texmf-dist/tex/latex/graphics/graphics.sty
Package: graphics 2019/10/08 v1.3c Standard LaTeX Graphics (DPC,SPQR)

(/usr/share/texmf-dist/tex/latex/graphics/trig.sty
Package: trig 2016/01/03 v1.10 sin cos tan (DPC)
)
(/usr/share/texmf-dist/tex/latex/graphics-cfg/graphics.cfg
File: graphics.cfg 2016/06/04 v1.11 sample graphics configuration
)
Package graphics Info: Driver file: luatex.def on input line 105.

(/usr/share/texmf-dist/tex/latex/graphics-def/luatex.def
File: luatex.def 2018/01/08 v1.0l Graphics/color driver for luatex
))
\Gin@req@height=\dimen120
\Gin@req@width=\dimen121
)
(/usr/share/texmf-dist/tex/latex/mathtools/mathtools.sty
Package: mathtools 2019/07/31 v1.22 mathematical typesetting tools

(/usr/share/texmf-dist/tex/latex/tools/calc.sty
Package: calc 2017/05/25 v4.3 Infix arithmetic (KKT,FJ)
\calc@Acount=\count93
\calc@Bcount=\count94
\calc@Adimen=\dimen122
\calc@Bdimen=\dimen123
\calc@Askip=\skip56
\calc@Bskip=\skip57
LaTeX Info: Redefining \setlength on input line 80.
LaTeX Info: Redefining \addtolength on input line 81.
\calc@Ccount=\count95
\calc@Cskip=\skip58
)
(/usr/share/texmf-dist/tex/latex/mathtools/mhsetup.sty
Package: mhsetup 2017/03/31 v1.3 programming setup (MH)
)
(/usr/share/texmf-dist/tex/latex/amsmath/amsmath.sty
Package: amsmath 2019/04/01 v2.17c AMS math features
\@mathmargin=\skip59

For additional information on amsmath, use the `?' option.
(/usr/share/texmf-dist/tex/latex/amsmath/amstext.sty
Package: amstext 2000/06/29 v2.01 AMS text

(/usr/share/texmf-dist/tex/latex/amsmath/amsgen.sty
File: amsgen.sty 1999/11/30 v2.0 generic functions
\@emptytoks=\toks19
\ex@=\dimen124
))
(/usr/share/texmf-dist/tex/latex/amsmath/amsbsy.sty
Package: amsbsy 1999/11/29 v1.2d Bold Symbols
\pmbraise@=\dimen125
)
(/usr/share/texmf-dist/tex/latex/amsmath/amsopn.sty
Package: amsopn 2016/03/08 v2.02 operator names
)
\inf@bad=\count96
LaTeX Info: Redefining \frac on input line 227.
\uproot@=\count97
\leftroot@=\count98
LaTeX Info: Redefining \overline on input line 389.
\classnum@=\count99
\DOTSCASE@=\count100
LaTeX Info: Redefining \ldots on input line 486.
LaTeX Info: Redefining \dots on input line 489.
LaTeX Info: Redefining \cdots on input line 610.
\Mathstrutbox@=\box28
\strutbox@=\box29
\big@size=\dimen126
LaTeX Font Info:    Redeclaring font encoding OML on input line 733.
LaTeX Font Info:    Redeclaring font encoding OMS on input line 734.
\macc@depth=\count101
\c@MaxMatrixCols=\count102
\dotsspace@=\muskip10
\c@parentequation=\count103
\dspbrk@lvl=\count104
\tag@help=\toks20
\row@=\count105
\column@=\count106
\maxfields@=\count107
\andhelp@=\toks21
\eqnshift@=\dimen127
\alignsep@=\dimen128
\tagshift@=\dimen129
\tagwidth@=\dimen130
\totwidth@=\dimen131
\lineht@=\dimen132
\@envbody=\toks22
\multlinegap=\skip60
\multlinetaggap=\skip61
\mathdisplay@stack=\toks23
LaTeX Info: Redefining \[ on input line 2855.
LaTeX Info: Redefining \] on input line 2856.
)
LaTeX Info: Thecontrolsequence`\('isalreadyrobust on input line 129.
LaTeX Info: Thecontrolsequence`\)'isalreadyrobust on input line 129.
LaTeX Info: Thecontrolsequence`\['isalreadyrobust on input line 129.
LaTeX Info: Thecontrolsequence`\]'isalreadyrobust on input line 129.
\g_MT_multlinerow_int=\count108
\l_MT_multwidth_dim=\dimen133
\origjot=\skip62
\l_MT_shortvdotswithinadjustabove_dim=\dimen134
\l_MT_shortvdotswithinadjustbelow_dim=\dimen135
\l_MT_above_intertext_sep=\dimen136
\l_MT_below_intertext_sep=\dimen137
\l_MT_above_shortintertext_sep=\dimen138
\l_MT_below_shortintertext_sep=\dimen139
)
(/usr/share/texmf-dist/tex/latex/amsfonts/amssymb.sty
Package: amssymb 2013/01/14 v3.01 AMS font symbols

(/usr/share/texmf-dist/tex/latex/amsfonts/amsfonts.sty
Package: amsfonts 2013/01/14 v3.01 Basic AMSFonts support
\symAMSa=\mathgroup4
\symAMSb=\mathgroup5
LaTeX Font Info:    Redeclaring math symbol \hbar on input line 98.
LaTeX Font Info:    Overwriting math alphabet `\mathfrak' in version `bold'
(Font)                  U/euf/m/n --> U/euf/b/n on input line 106.
))
(/usr/share/texmf-dist/tex/latex/caption/caption.sty
Package: caption 2019/09/01 v3.3d Customizing captions (AR)

(/usr/share/texmf-dist/tex/latex/caption/caption3.sty
Package: caption3 2019/09/01 v1.8d caption3 kernel (AR)
Package caption3 Info: TeX engine: e-TeX on input line 64.
\captionmargin=\dimen140
\captionmargin@=\dimen141
\captionwidth=\dimen142
\caption@tempdima=\dimen143
\caption@indent=\dimen144
\caption@parindent=\dimen145
\caption@hangindent=\dimen146
)
\c@caption@flags=\count109
\c@ContinuedFloat=\count110
)
(/usr/share/texmf-dist/tex/latex/caption/subcaption.sty
Package: subcaption 2019/09/01 v1.3a Sub-captions (AR)
\c@subfigure=\count111
\c@subtable=\count112
)
(/usr/share/texmf-dist/tex/latex/tools/indentfirst.sty
Package: indentfirst 1995/11/23 v1.03 Indent first paragraph (DPC)
)
(/usr/share/texmf-dist/tex/latex/pythonhighlight/pythonhighlight.sty
Package: pythonhighlight 2017/02/09 python code highlighting; provided by Olivie
r Verdier <olivier.verdier@gmail.com>

(/usr/share/texmf-dist/tex/latex/listings/listings.sty
\lst@mode=\count113
\lst@gtempboxa=\box30
\lst@token=\toks24
\lst@length=\count114
\lst@currlwidth=\dimen147
\lst@column=\count115
\lst@pos=\count116
\lst@lostspace=\dimen148
\lst@width=\dimen149
\lst@newlines=\count117
\lst@lineno=\count118
\lst@maxwidth=\dimen150

(/usr/share/texmf-dist/tex/latex/listings/lstmisc.sty
File: lstmisc.sty 2019/09/10 1.8c (Carsten Heinz)
\c@lstnumber=\count119
\lst@skipnumbers=\count120
\lst@framebox=\box31
)
(/usr/share/texmf-dist/tex/latex/listings/listings.cfg
File: listings.cfg 2019/09/10 1.8c listings configuration
))
Package: listings 2019/09/10 1.8c (Carsten Heinz)

(/usr/share/texmf-dist/tex/latex/xcolor/xcolor.sty
Package: xcolor 2016/05/11 v2.12 LaTeX color extensions (UK)

(/usr/share/texmf-dist/tex/latex/graphics-cfg/color.cfg
File: color.cfg 2016/01/02 v1.6 sample color configuration
)
Package xcolor Info: Driver file: luatex.def on input line 225.
Package xcolor Info: Model `cmy' substituted by `cmy0' on input line 1348.
Package xcolor Info: Model `hsb' substituted by `rgb' on input line 1352.
Package xcolor Info: Model `RGB' extended on input line 1364.
Package xcolor Info: Model `HTML' substituted by `rgb' on input line 1366.
Package xcolor Info: Model `Hsb' substituted by `hsb' on input line 1367.
Package xcolor Info: Model `tHsb' substituted by `hsb' on input line 1368.
Package xcolor Info: Model `HSB' substituted by `hsb' on input line 1369.
Package xcolor Info: Model `Gray' substituted by `gray' on input line 1370.
Package xcolor Info: Model `wave' substituted by `hsb' on input line 1371.
))
(/usr/share/texmf-dist/tex/latex/tools/tabularx.sty
Package: tabularx 2016/02/03 v2.11b `tabularx' package (DPC)

(/usr/share/texmf-dist/tex/latex/tools/array.sty
Package: array 2019/08/31 v2.4l Tabular extension package (FMi)
\col@sep=\dimen151
\ar@mcellbox=\box32
\extrarowheight=\dimen152
\NC@list=\toks25
\extratabsurround=\skip63
\backup@length=\skip64
\ar@cellbox=\box33
)
\TX@col@width=\dimen153
\TX@old@table=\dimen154
\TX@old@col=\dimen155
\TX@target=\dimen156
\TX@delta=\dimen157
\TX@cols=\count121
\TX@ftn=\toks26
)
(/usr/share/texmf-dist/tex/latex/tabulary/tabulary.sty
Package: tabulary 2014/06/11 v0.10 tabulary package (DPC)
\TY@count=\count122
\TY@linewidth=\dimen158
\tymin=\dimen159
\tymax=\dimen160
\TY@tablewidth=\dimen161
)
(/usr/share/texmf-dist/tex/latex/colortbl/colortbl.sty
Package: colortbl 2018/12/12 v1.0d Color table columns (DPC)
\everycr=\toks27
\minrowclearance=\skip65
)
(/usr/share/texmf-dist/tex/latex/float/float.sty
Package: float 2001/11/08 v1.3d Float enhancements (AL)
\c@float@type=\count123
\float@exts=\toks28
\float@box=\box34
\@float@everytoks=\toks29
\@floatcapt=\box35
)
(/usr/share/texmf-dist/tex/latex/caption/totalcount.sty
Package: totalcount 2018/01/21 v1.0a Total values of counters (AR)
\c@totalcount@figure=\count124
\c@totalcount@table=\count125
)
(/usr/share/texmf-dist/tex/latex/diagbox/diagbox.sty
Package: diagbox 2016/12/28 v2.2 Making table heads with diagonal lines

(/usr/share/texmf-dist/tex/latex/pict2e/pict2e.sty
Package: pict2e 2019/08/20 v0.3c Improved picture commands (HjG,RN,JT)

(/usr/share/texmf-dist/tex/latex/pict2e/pict2e.cfg
File: pict2e.cfg 2016/02/05 v0.1u pict2e configuration for teTeX/TeXLive
)
Package pict2e Info: Driver file: luatex.def on input line 119.
Package pict2e Info: Driver file for pict2e: p2e-luatex.def on input line 121.

(/usr/share/texmf-dist/tex/latex/pict2e/p2e-luatex.def
File: p2e-luatex.def 2016/02/05 v0.1u Driver-dependant file (RN,HjG,JT)
)
\pIIe@GRAPH=\toks30
\@arclen=\dimen162
\@arcrad=\dimen163
\@tempdimd=\dimen164
)
(/usr/share/texmf-dist/tex/latex/fp/fp.sty
Package: fp 1995/04/02

`Fixed Point Package', Version 0.8, April 2, 1995 (C) Michael Mehlich
(/usr/share/texmf-dist/tex/latex/fp/defpattern.sty
Package: defpattern 1994/10/12
\actioncount=\count126
)
(/usr/share/texmf-dist/tex/latex/fp/fp-basic.sty
Package: fp-basic 1996/05/13
\FP@xs=\count127
\FP@xia=\count128
\FP@xib=\count129
\FP@xfa=\count130
\FP@xfb=\count131
\FP@rega=\count132
\FP@regb=\count133
\FP@regs=\count134
\FP@times=\count135
)
(/usr/share/texmf-dist/tex/latex/fp/fp-addons.sty
Package: fp-addons 1995/03/15
)
(/usr/share/texmf-dist/tex/latex/fp/fp-snap.sty
Package: fp-snap 1995/04/05
)
(/usr/share/texmf-dist/tex/latex/fp/fp-exp.sty
Package: fp-exp 1995/04/03
)
(/usr/share/texmf-dist/tex/latex/fp/fp-trigo.sty
Package: fp-trigo 1995/04/14
)
(/usr/share/texmf-dist/tex/latex/fp/fp-pas.sty
Package: fp-pas 1994/08/29
)
(/usr/share/texmf-dist/tex/latex/fp/fp-random.sty
Package: fp-random 1995/02/23
\FPseed=\count136
)
(/usr/share/texmf-dist/tex/latex/fp/fp-eqn.sty
Package: fp-eqn 1995/04/03
)
(/usr/share/texmf-dist/tex/latex/fp/fp-upn.sty
Package: fp-upn 1996/10/21
)
(/usr/share/texmf-dist/tex/latex/fp/fp-eval.sty
Package: fp-eval 1995/04/03
))
\diagbox@boxa=\box36
\diagbox@boxb=\box37
\diagbox@boxm=\box38
\diagbox@wd=\dimen165
\diagbox@ht=\dimen166
\diagbox@insepl=\dimen167
\diagbox@insepr=\dimen168
\diagbox@outsepl=\dimen169
\diagbox@outsepr=\dimen170
)
(/usr/share/texmf-dist/tex/latex/csquotes/csquotes.sty
Package: csquotes 2019/05/10 v5.2e context-sensitive quotations (JAW)

(/usr/share/texmf-dist/tex/latex/etoolbox/etoolbox.sty
Package: etoolbox 2019/09/21 v2.5h e-TeX tools for LaTeX (JAW)
\etb@tempcnta=\count137
)
\csq@reset=\count138
\csq@gtype=\count139
\csq@glevel=\count140
\csq@qlevel=\count141
\csq@maxlvl=\count142
\csq@tshold=\count143
\csq@ltx@everypar=\toks31

(/usr/share/texmf-dist/tex/latex/csquotes/csquotes.def
File: csquotes.def 2019/05/10 v5.2e csquotes generic definitions (JAW)
)
Package csquotes Info: Trying to load configuration file 'csquotes.cfg'...
Package csquotes Info: ... configuration file loaded successfully.

(/usr/share/texmf-dist/tex/latex/csquotes/csquotes.cfg
File: csquotes.cfg 
)
Package csquotes Info: Redefining alias 'german' -> 'german/guillemets'.
)
(/usr/share/texmf-dist/tex/latex/fontspec/fontspec.sty
(/usr/share/texmf-dist/tex/latex/l3packages/xparse/xparse.sty
(/usr/share/texmf-dist/tex/latex/l3kernel/expl3.sty
Package: expl3 2019-10-28 L3 programming layer (loader) 

(/usr/share/texmf-dist/tex/latex/l3kernel/expl3-code.tex
Package: expl3 2019-10-28 L3 programming layer (code)
\c_max_int=\count144
\l_tmpa_int=\count145
\l_tmpb_int=\count146
\g_tmpa_int=\count147
\g_tmpb_int=\count148
\l__seq_internal_a_int=\count149
\l__seq_internal_b_int=\count150
\g__kernel_prg_map_int=\count151
\c__ior_term_noprompt_ior=\count152
\c_log_iow=\count153
\l_iow_line_count_int=\count154
\l__iow_line_target_int=\count155
\l__iow_one_indent_int=\count156
\l__iow_indent_int=\count157
\c_zero_dim=\dimen171
\c_max_dim=\dimen172
\l_tmpa_dim=\dimen173
\l_tmpb_dim=\dimen174
\g_tmpa_dim=\dimen175
\g_tmpb_dim=\dimen176
\c_zero_skip=\skip66
\c_max_skip=\skip67
\l_tmpa_skip=\skip68
\l_tmpb_skip=\skip69
\g_tmpa_skip=\skip70
\g_tmpb_skip=\skip71
\c_zero_muskip=\muskip11
\c_max_muskip=\muskip12
\l_tmpa_muskip=\muskip13
\l_tmpb_muskip=\muskip14
\g_tmpa_muskip=\muskip15
\g_tmpb_muskip=\muskip16
\l_keys_choice_int=\count158
\l__intarray_loop_int=\count159
\c__intarray_sp_dim=\dimen177
\g__intarray_font_int=\count160
\c__fp_leading_shift_int=\count161
\c__fp_middle_shift_int=\count162
\c__fp_trailing_shift_int=\count163
\c__fp_big_leading_shift_int=\count164
\c__fp_big_middle_shift_int=\count165
\c__fp_big_trailing_shift_int=\count166
\c__fp_Bigg_leading_shift_int=\count167
\c__fp_Bigg_middle_shift_int=\count168
\c__fp_Bigg_trailing_shift_int=\count169
\g__fp_array_int=\count170
\l__fp_array_loop_int=\count171
\l__sort_length_int=\count172
\l__sort_min_int=\count173
\l__sort_top_int=\count174
\l__sort_max_int=\count175
\l__sort_true_max_int=\count176
\l__sort_block_int=\count177
\l__sort_begin_int=\count178
\l__sort_end_int=\count179
\l__sort_A_int=\count180
\l__sort_B_int=\count181
\l__sort_C_int=\count182
\l__str_internal_int=\count183
\l__tl_analysis_normal_int=\count184
\l__tl_analysis_index_int=\count185
\l__tl_analysis_nesting_int=\count186
\l__tl_analysis_type_int=\count187
\l__regex_internal_a_int=\count188
\l__regex_internal_b_int=\count189
\l__regex_internal_c_int=\count190
\l__regex_balance_int=\count191
\l__regex_group_level_int=\count192
\l__regex_mode_int=\count193
\c__regex_cs_in_class_mode_int=\count194
\c__regex_cs_mode_int=\count195
\l__regex_catcodes_int=\count196
\l__regex_default_catcodes_int=\count197
\c__regex_catcode_L_int=\count198
\c__regex_catcode_O_int=\count199
\c__regex_catcode_A_int=\count266
\c__regex_all_catcodes_int=\count267
\l__regex_show_lines_int=\count268
\l__regex_min_state_int=\count269
\l__regex_max_state_int=\count270
\l__regex_left_state_int=\count271
\l__regex_right_state_int=\count272
\l__regex_capturing_group_int=\count273
\l__regex_min_pos_int=\count274
\l__regex_max_pos_int=\count275
\l__regex_curr_pos_int=\count276
\l__regex_start_pos_int=\count277
\l__regex_success_pos_int=\count278
\l__regex_curr_char_int=\count279
\l__regex_curr_catcode_int=\count280
\l__regex_last_char_int=\count281
\l__regex_case_changed_char_int=\count282
\l__regex_curr_state_int=\count283
\l__regex_step_int=\count284
\l__regex_min_active_int=\count285
\l__regex_max_active_int=\count286
\l__regex_replacement_csnames_int=\count287
\l__regex_match_count_int=\count288
\l__regex_min_submatch_int=\count289
\l__regex_submatch_int=\count290
\l__regex_zeroth_submatch_int=\count291
\g__regex_trace_regex_int=\count292
\c_empty_box=\box39
\l_tmpa_box=\box40
\l_tmpb_box=\box41
\g_tmpa_box=\box42
\g_tmpb_box=\box43
\l__box_top_dim=\dimen178
\l__box_bottom_dim=\dimen179
\l__box_left_dim=\dimen180
\l__box_right_dim=\dimen181
\l__box_top_new_dim=\dimen182
\l__box_bottom_new_dim=\dimen183
\l__box_left_new_dim=\dimen184
\l__box_right_new_dim=\dimen185
\l__box_internal_box=\box44
\l__coffin_internal_box=\box45
\l__coffin_internal_dim=\dimen186
\l__coffin_offset_x_dim=\dimen187
\l__coffin_offset_y_dim=\dimen188
\l__coffin_x_dim=\dimen189
\l__coffin_y_dim=\dimen190
\l__coffin_x_prime_dim=\dimen191
\l__coffin_y_prime_dim=\dimen192
\c_empty_coffin=\box46
\l__coffin_aligned_coffin=\box47
\l__coffin_aligned_internal_coffin=\box48
\l_tmpa_coffin=\box49
\l_tmpb_coffin=\box50
\g_tmpa_coffin=\box51
\g_tmpb_coffin=\box52
\l__coffin_bounding_shift_dim=\dimen193
\l__coffin_left_corner_dim=\dimen194
\l__coffin_right_corner_dim=\dimen195
\l__coffin_bottom_corner_dim=\dimen196
\l__coffin_top_corner_dim=\dimen197
\l__coffin_scaled_total_height_dim=\dimen198
\l__coffin_scaled_width_dim=\dimen199
\c__coffin_empty_coffin=\box53
\l__coffin_display_coffin=\box54
\l__coffin_display_coord_coffin=\box55
\l__coffin_display_pole_coffin=\box56
\l__coffin_display_offset_dim=\dimen256
\l__coffin_display_x_dim=\dimen257
\l__coffin_display_y_dim=\dimen258
\g__char_data_ior=\read1

(/usr/share/texmf-dist/tex/latex/l3kernel/l3deprecation.def
File: l3deprecation.def 2019-04-06 v L3 Deprecated functions
))
(/usr/share/texmf-dist/tex/latex/l3backend/l3backend-pdfmode.def
File: l3backend-pdfmode.def 2019-04-06 L3 backend support: PDF mode
\l__kernel_color_stack_int=\count293
\l__pdf_internal_box=\box57
))
Package: xparse 2019-10-11 L3 Experimental document command parser
\l__xparse_current_arg_int=\count294
\g__xparse_grabber_int=\count295
\l__xparse_m_args_int=\count296
\l__xparse_v_nesting_int=\count297
)
Package: fontspec 2019/10/19 v2.7d Font selection for XeLaTeX and LuaLaTeX
Lua module: fontspec 2019/10/19 2.7d Font selection for XeLaTeX and LuaLaTeX
(/usr/share/texmf-dist/tex/latex/fontspec/fontspec-luatex.sty
Package: fontspec-luatex 2019/10/19 v2.7d Font selection for XeLaTeX and LuaLaTe
X
\l__fontspec_script_int=\count298
\l__fontspec_language_int=\count299
\l__fontspec_strnum_int=\count300
\l__fontspec_tmp_int=\count301
\l__fontspec_tmpa_int=\count302
\l__fontspec_tmpb_int=\count303
\l__fontspec_tmpc_int=\count304
\l__fontspec_em_int=\count305
\l__fontspec_emdef_int=\count306
\l__fontspec_strong_int=\count307
\l__fontspec_strongdef_int=\count308
\l__fontspec_tmpa_dim=\dimen259
\l__fontspec_tmpb_dim=\dimen260
\l__fontspec_tmpc_dim=\dimen261

(/usr/share/texmf-dist/tex/latex/base/fontenc.sty
Package: fontenc 2018/08/11 v2.0j Standard LaTeX package

(/usr/share/texmf-dist/tex/latex/base/tuenc.def
File: tuenc.def 2018/08/11 v2.0j Standard LaTeX file
LaTeX Font Info:    Redeclaring font encoding TU on input line 82.
))
(/usr/share/texmf-dist/tex/latex/fontspec/fontspec.cfg)
LaTeX Info: Redefining \itshape on input line 3785.
LaTeX Info: Redefining \slshape on input line 3790.
LaTeX Info: Redefining \scshape on input line 3795.
LaTeX Info: Redefining \upshape on input line 3800.
LaTeX Info: Redefining \em on input line 3830.
LaTeX Info: Redefining \emph on input line 3855.
))
(/usr/share/texmf-dist/tex/latex/enumitem/enumitem.sty
Package: enumitem 2019/06/20 v3.9 Customized lists
\labelindent=\skip72
\enit@outerparindent=\dimen262
\enit@toks=\toks32
\enit@inbox=\box58
\enit@count@id=\count309
\enitdp@description=\count310
)
(/usr/share/texmf-dist/tex/latex/hyperref/hyperref.sty
Package: hyperref 2019/09/28 v7.00a Hypertext links for LaTeX

(/usr/share/texmf-dist/tex/generic/oberdiek/hobsub-hyperref.sty
Package: hobsub-hyperref 2016/05/16 v1.14 Bundle oberdiek, subset hyperref (HO)

(/usr/share/texmf-dist/tex/generic/oberdiek/hobsub-generic.sty
Package: hobsub-generic 2016/05/16 v1.14 Bundle oberdiek, subset generic (HO)
Package: hobsub 2016/05/16 v1.14 Construct package bundles (HO)
Package: infwarerr 2016/05/16 v1.4 Providing info/warning/error messages (HO)
Package: ltxcmds 2016/05/16 v1.23 LaTeX kernel commands for general use (HO)
Package: ifluatex 2016/05/16 v1.4 Provides the ifluatex switch (HO)
Package ifluatex Info: LuaTeX detected.
Package hobsub Info: Skipping package `ifvtex' (already loaded).
Package: intcalc 2016/05/16 v1.2 Expandable calculations with integers (HO)
Package hobsub Info: Skipping package `ifpdf' (already loaded).
Package: etexcmds 2016/05/16 v1.6 Avoid name clashes with e-TeX commands (HO)
Package: kvsetkeys 2016/05/16 v1.17 Key value parser (HO)
Package: kvdefinekeys 2016/05/16 v1.4 Define keys (HO)
Package: luatex-loader 2019/07/25 v0.7 Lua module loader (HO)

(/usr/share/texmf-dist/scripts/oberdiek/oberdiek.luatex.lua)
Package: pdftexcmds 2019/07/25 v0.30 Utility functions of pdfTeX for LuaTeX (HO)

Package pdftexcmds Info: \pdf@primitive is available.
Package pdftexcmds Info: \pdf@ifprimitive is available.
Package pdftexcmds Info: \pdfdraftmode found.
\pdftexcmds@toks=\toks33
Package: pdfescape 2016/05/16 v1.14 Implements pdfTeX's escape features (HO)
Package: bigintcalc 2016/05/16 v1.4 Expandable calculations on big integers (HO)

Package: bitset 2016/05/16 v1.2 Handle bit-vector datatype (HO)
Package: uniquecounter 2016/05/16 v1.3 Provide unlimited unique counter (HO)
)
Package hobsub Info: Skipping package `hobsub' (already loaded).
Package: letltxmacro 2016/05/16 v1.5 Let assignment for LaTeX macros (HO)
Package: hopatch 2016/05/16 v1.3 Wrapper for package hooks (HO)
Package: xcolor-patch 2016/05/16 xcolor patch
Package: atveryend 2016/05/16 v1.9 Hooks at the very end of document (HO)
Package: atbegshi 2016/06/09 v1.18 At begin shipout hook (HO)
Package: refcount 2016/05/16 v3.5 Data extraction from label references (HO)
Package: hycolor 2016/05/16 v1.8 Color options for hyperref/bookmark (HO)
)
(/usr/share/texmf-dist/tex/latex/oberdiek/auxhook.sty
Package: auxhook 2016/05/16 v1.4 Hooks for auxiliary files (HO)
)
(/usr/share/texmf-dist/tex/latex/oberdiek/kvoptions.sty
Package: kvoptions 2016/05/16 v3.12 Key value format for package options (HO)
)
\@linkdim=\dimen263
\Hy@linkcounter=\count311
\Hy@pagecounter=\count312

(/usr/share/texmf-dist/tex/latex/hyperref/pd1enc.def
File: pd1enc.def 2019/09/28 v7.00a Hyperref: PDFDocEncoding definition (HO)
)
\Hy@SavedSpaceFactor=\count313
Package hyperref Info: Option `unicode' set `true' on input line 3495.

(/usr/share/texmf-dist/tex/latex/hyperref/puenc.def
File: puenc.def 2019/09/28 v7.00a Hyperref: PDF Unicode definition (HO)
)
(/usr/share/texmf-dist/tex/latex/latexconfig/hyperref.cfg
File: hyperref.cfg 2002/06/06 v1.2 hyperref configuration of TeXLive
)
Package hyperref Info: Hyper figures OFF on input line 4540.
Package hyperref Info: Link nesting OFF on input line 4545.
Package hyperref Info: Hyper index ON on input line 4548.
Package hyperref Info: Plain pages OFF on input line 4555.
Package hyperref Info: Backreferencing OFF on input line 4560.
Package hyperref Info: Implicit mode ON; LaTeX internals redefined.
Package hyperref Info: Bookmarks ON on input line 4793.
\c@Hy@tempcnt=\count314

(/usr/share/texmf-dist/tex/latex/url/url.sty
\Urlmuskip=\muskip17
Package: url 2013/09/16  ver 3.4  Verb mode for urls, etc.
)
LaTeX Info: Redefining \url on input line 5152.
\XeTeXLinkMargin=\dimen264
\Fld@menulength=\count315
\Field@Width=\dimen265
\Fld@charsize=\dimen266
Package hyperref Info: Hyper figures OFF on input line 6423.
Package hyperref Info: Link nesting OFF on input line 6428.
Package hyperref Info: Hyper index ON on input line 6431.
Package hyperref Info: backreferencing OFF on input line 6438.
Package hyperref Info: Link coloring OFF on input line 6443.
Package hyperref Info: Link coloring with OCG OFF on input line 6448.
Package hyperref Info: PDF/A mode OFF on input line 6453.
LaTeX Info: Redefining \ref on input line 6493.
LaTeX Info: Redefining \pageref on input line 6497.
\Hy@abspage=\count316
\c@Item=\count317
\c@Hfootnote=\count318
)
Package hyperref Info: Driver (autodetected): hluatex.

(/usr/share/texmf-dist/tex/latex/hyperref/hluatex.def
File: hluatex.def 2019/09/28 v7.00a Hyperref driver for luaTeX

(/usr/share/texmf-dist/tex/generic/oberdiek/stringenc.sty
Package: stringenc 2016/05/16 v1.11 Convert strings between diff. encodings (HO)

)
\Fld@listcount=\count319
\c@bookmark@seq@number=\count320

(/usr/share/texmf-dist/tex/latex/oberdiek/rerunfilecheck.sty
Package: rerunfilecheck 2016/05/16 v1.8 Rerun checks for auxiliary files (HO)
Package uniquecounter Info: New unique counter `rerunfilecheck' on input line 28
2.
)
\Hy@SectionHShift=\skip73
)
luaotfload | cache : Lookup cache loaded from /home/anime4life/.texlive/texmf-va
r/luatex-cache/generic/names/luaotfload-lookup-cache.luc.
luaotfload | aux : font no 30 (nil) defines no feature for script latn
luaotfload | aux : no font with id 30
luaotfload | aux : font no 30 (nil) defines no feature for script dflt
luaotfload | aux : no font with id 30

Package fontspec Warning: OpenType feature 'Ligatures=TeX,Historic' (hlig) not
(fontspec)                available for font 'TimesNewRoman' with script
(fontspec)                'CustomDefault' and language 'Default'.


Package fontspec Warning: OpenType feature 'Ligatures=TeX,Historic' (hlig) not
(fontspec)                available for font 'TimesNewRoman' with script
(fontspec)                'CustomDefault' and language 'Default'.


Package fontspec Warning: OpenType feature 'Ligatures=TeX,Historic' (hlig) not
(fontspec)                available for font 'TimesNewRoman/B' with script
(fontspec)                'CustomDefault' and language 'Default'.


Package fontspec Warning: OpenType feature 'Ligatures=TeX,Historic' (hlig) not
(fontspec)                available for font 'TimesNewRoman/I' with script
(fontspec)                'CustomDefault' and language 'Default'.


Package fontspec Warning: OpenType feature 'Ligatures=TeX,Historic' (hlig) not
(fontspec)                available for font 'TimesNewRoman/BI' with script
(fontspec)                'CustomDefault' and language 'Default'.


Package fontspec Info: Font family 'TimesNewRoman(0)' created for font 'Times
(fontspec)             New Roman' with options
(fontspec)             [Ligatures={TeX},Renderer=Basic,Ligatures=TeX,Ligatures={
TeX,Historic}].
(fontspec)              
(fontspec)              This font family consists of the following NFSS
(fontspec)             series/shapes:
(fontspec)              
(fontspec)             - 'normal' (m/n) with NFSS spec.:
(fontspec)             <->"TimesNewRoman:mode=base;+tlig;"
(fontspec)             - 'small caps'  (m/sc) with NFSS spec.: 
(fontspec)             - 'bold' (bx/n) with NFSS spec.:
(fontspec)             <->"TimesNewRoman/B:mode=base;+tlig;"
(fontspec)             - 'bold small caps'  (bx/sc) with NFSS spec.: 
(fontspec)             - 'italic' (m/it) with NFSS spec.:
(fontspec)             <->"TimesNewRoman/I:mode=base;+tlig;"
(fontspec)             - 'italic small caps'  (m/itsc) with NFSS spec.: 
(fontspec)             - 'bold italic' (bx/it) with NFSS spec.:
(fontspec)             <->"TimesNewRoman/BI:mode=base;+tlig;"
(fontspec)             - 'bold italic small caps'  (bx/itsc) with NFSS spec.: 

LaTeX Info: Redefining \rmfamily on input line 153.
Package hyperref Info: Option `colorlinks' set `true' on input line 192.
Package csquotes Info: Checking for multilingual support...
Package csquotes Info: ... found 'babel' package.
Package csquotes Info: Adjusting default style.
Package csquotes Info: Redefining alias 'default' -> 'russian'.
(./thesis.aux)
\openout1 = thesis.aux

LaTeX Font Info:    Checking defaults for OML/cmm/m/it on input line 235.
LaTeX Font Info:    ... okay on input line 235.
LaTeX Font Info:    Checking defaults for T1/cmr/m/n on input line 235.
LaTeX Font Info:    ... okay on input line 235.
LaTeX Font Info:    Checking defaults for OT1/cmr/m/n on input line 235.
LaTeX Font Info:    ... okay on input line 235.
LaTeX Font Info:    Checking defaults for OMS/cmsy/m/n on input line 235.
LaTeX Font Info:    ... okay on input line 235.
LaTeX Font Info:    Checking defaults for TU/lmr/m/n on input line 235.
LaTeX Font Info:    ... okay on input line 235.
LaTeX Font Info:    Checking defaults for OMX/cmex/m/n on input line 235.
LaTeX Font Info:    ... okay on input line 235.
LaTeX Font Info:    Checking defaults for U/cmr/m/n on input line 235.
LaTeX Font Info:    ... okay on input line 235.
LaTeX Font Info:    Checking defaults for T2A/cmr/m/n on input line 235.
LaTeX Font Info:    ... okay on input line 235.
LaTeX Font Info:    Checking defaults for PD1/pdf/m/n on input line 235.
LaTeX Font Info:    ... okay on input line 235.
LaTeX Font Info:    Checking defaults for PU/pdf/m/n on input line 235.
LaTeX Font Info:    ... okay on input line 235.

*geometry* driver: auto-detecting
*geometry* detected driver: luatex
*geometry* verbose mode - [ preamble ] result:
* driver: luatex
* paper: a4paper
* layout: <same size as paper>
* layoutoffset:(h,v)=(0.0pt,0.0pt)
* modes: 
* h-part:(L,W,R)=(85.35826pt, 455.24411pt, 56.9055pt)
* v-part:(T,H,B)=(56.9055pt, 731.23584pt, 56.9055pt)
* \paperwidth=597.50787pt
* \paperheight=845.04684pt
* \textwidth=455.24411pt
* \textheight=731.23584pt
* \oddsidemargin=13.08827pt
* \evensidemargin=13.08827pt
* \topmargin=-54.36449pt
* \headheight=14.0pt
* \headsep=25.0pt
* \topskip=14.0pt
* \footskip=30.0pt
* \marginparwidth=15.0pt
* \marginparsep=10.0pt
* \columnsep=10.0pt
* \skip\footins=12.0pt plus 4.0pt minus 2.0pt
* \hoffset=0.0pt
* \voffset=0.0pt
* \mag=1000
* \@twocolumnfalse
* \@twosidefalse
* \@mparswitchfalse
* \@reversemarginfalse
* (1in=72.27pt=25.4mm, 1cm=28.453pt)

Package lastpage Info: Please have a look at the pageslts package at
(lastpage)             https://www.ctan.org/pkg/pageslts
(lastpage)             ! on input line 235.
(/usr/share/texmf-dist/tex/context/base/mkii/supp-pdf.mkii
[Loading MPS to PDF converter (version 2006.09.02).]
\scratchcounter=\count321
\scratchdimen=\dimen267
\scratchbox=\box59
\nofMPsegments=\count322
\nofMParguments=\count323
\everyMPshowfont=\toks34
\MPscratchCnt=\count324
\MPscratchDim=\dimen268
\MPnumerator=\count325
\makeMPintoPDFobject=\count326
\everyMPtoPDFconversion=\toks35
) (/usr/share/texmf-dist/tex/latex/oberdiek/epstopdf-base.sty
Package: epstopdf-base 2016/05/15 v2.6 Base part for package epstopdf

(/usr/share/texmf-dist/tex/latex/oberdiek/grfext.sty
Package: grfext 2016/05/16 v1.2 Manage graphics extensions (HO)
)
Package epstopdf-base Info: Redefining graphics rule for `.eps' on input line 43
8.
Package grfext Info: Graphics extension search list:
(grfext)             [.pdf,.png,.jpg,.mps,.jpeg,.jbig2,.jb2,.PDF,.PNG,.JPG,.JPEG
,.JBIG2,.JB2,.eps]
(grfext)             \AppendGraphicsExtensions on input line 456.

(/usr/share/texmf-dist/tex/latex/latexconfig/epstopdf-sys.cfg
File: epstopdf-sys.cfg 2010/07/13 v1.3 Configuration of (r)epstopdf for TeX Live

))
Package caption Info: Begin \AtBeginDocument code.
Package caption Info: float package is loaded.
Package caption Info: hyperref package is loaded.
Package caption Info: listings package is loaded.
Package caption Info: End \AtBeginDocument code.
\c@lstlisting=\count327

Package fontspec Info: Adjusting the maths setup (use [no-math] to avoid
(fontspec)             this).

\symlegacymaths=\mathgroup6
LaTeX Font Info:    Overwriting symbol font `legacymaths' in version `bold'
(Font)                  OT1/cmr/m/n --> OT1/cmr/bx/n on input line 235.
LaTeX Font Info:    Redeclaring math accent \acute on input line 235.
LaTeX Font Info:    Redeclaring math accent \grave on input line 235.
LaTeX Font Info:    Redeclaring math accent \ddot on input line 235.
LaTeX Font Info:    Redeclaring math accent \tilde on input line 235.
LaTeX Font Info:    Redeclaring math accent \bar on input line 235.
LaTeX Font Info:    Redeclaring math accent \breve on input line 235.
LaTeX Font Info:    Redeclaring math accent \check on input line 235.
LaTeX Font Info:    Redeclaring math accent \hat on input line 235.
LaTeX Font Info:    Redeclaring math accent \dot on input line 235.
LaTeX Font Info:    Redeclaring math accent \mathring on input line 235.
LaTeX Font Info:    Redeclaring math symbol \Gamma on input line 235.
LaTeX Font Info:    Redeclaring math symbol \Delta on input line 235.
LaTeX Font Info:    Redeclaring math symbol \Theta on input line 235.
LaTeX Font Info:    Redeclaring math symbol \Lambda on input line 235.
LaTeX Font Info:    Redeclaring math symbol \Xi on input line 235.
LaTeX Font Info:    Redeclaring math symbol \Pi on input line 235.
LaTeX Font Info:    Redeclaring math symbol \Sigma on input line 235.
LaTeX Font Info:    Redeclaring math symbol \Upsilon on input line 235.
LaTeX Font Info:    Redeclaring math symbol \Phi on input line 235.
LaTeX Font Info:    Redeclaring math symbol \Psi on input line 235.
LaTeX Font Info:    Redeclaring math symbol \Omega on input line 235.
LaTeX Font Info:    Redeclaring math symbol \mathdollar on input line 235.
LaTeX Font Info:    Redeclaring symbol font `operators' on input line 235.
LaTeX Font Info:    Encoding `OT1' has changed to `TU' for symbol font
(Font)              `operators' in the math version `normal' on input line 235.
LaTeX Font Info:    Overwriting symbol font `operators' in version `normal'
(Font)                  OT1/cmr/m/n --> TU/TimesNewRoman(0)/m/n on input line 23
5.
LaTeX Font Info:    Encoding `OT1' has changed to `TU' for symbol font
(Font)              `operators' in the math version `bold' on input line 235.
LaTeX Font Info:    Overwriting symbol font `operators' in version `bold'
(Font)                  OT1/cmr/bx/n --> TU/TimesNewRoman(0)/m/n on input line 2
35.
LaTeX Font Info:    Overwriting symbol font `operators' in version `normal'
(Font)                  TU/TimesNewRoman(0)/m/n --> TU/TimesNewRoman(0)/m/n on i
nput line 235.
LaTeX Font Info:    Overwriting math alphabet `\mathit' in version `normal'
(Font)                  OT1/cmr/m/it --> TU/TimesNewRoman(0)/m/it on input line 
235.
LaTeX Font Info:    Overwriting math alphabet `\mathbf' in version `normal'
(Font)                  OT1/cmr/bx/n --> TU/TimesNewRoman(0)/bx/n on input line 
235.
LaTeX Font Info:    Overwriting math alphabet `\mathsf' in version `normal'
(Font)                  OT1/cmss/m/n --> TU/lmss/m/n on input line 235.
LaTeX Font Info:    Overwriting math alphabet `\mathtt' in version `normal'
(Font)                  OT1/cmtt/m/n --> TU/lmtt/m/n on input line 235.
LaTeX Font Info:    Overwriting symbol font `operators' in version `bold'
(Font)                  TU/TimesNewRoman(0)/m/n --> TU/TimesNewRoman(0)/bx/n on 
input line 235.
LaTeX Font Info:    Overwriting math alphabet `\mathit' in version `bold'
(Font)                  OT1/cmr/bx/it --> TU/TimesNewRoman(0)/bx/it on input lin
e 235.
LaTeX Font Info:    Overwriting math alphabet `\mathsf' in version `bold'
(Font)                  OT1/cmss/bx/n --> TU/lmss/bx/n on input line 235.
LaTeX Font Info:    Overwriting math alphabet `\mathtt' in version `bold'
(Font)                  OT1/cmtt/m/n --> TU/lmtt/bx/n on input line 235.
\AtBeginShipoutBox=\box60
Package hyperref Info: Link coloring ON on input line 235.

(/usr/share/texmf-dist/tex/latex/hyperref/nameref.sty
Package: nameref 2019/09/16 v2.46 Cross-referencing by name of section

(/usr/share/texmf-dist/tex/generic/oberdiek/gettitlestring.sty
Package: gettitlestring 2016/05/16 v1.5 Cleanup title references (HO)
)
\c@section@level=\count328
)
LaTeX Info: Redefining \ref on input line 235.
LaTeX Info: Redefining \pageref on input line 235.
LaTeX Info: Redefining \nameref on input line 235.
 (./thesis.out) (./thesis.out)
\@outlinefile=\write3

\openout3 = thesis.out

Underfull \hbox (badness 10000) in paragraph at lines 259--260

 []

[3

{/var/lib/texmf/fonts/map/pdftex/updmap/pdftex.map}] (./thesis.toc
LaTeX Font Info:    Trying to load font information for U+msa on input line 2.

(/usr/share/texmf-dist/tex/latex/amsfonts/umsa.fd
File: umsa.fd 2013/01/14 v3.01 AMS symbols A
)
LaTeX Font Info:    Trying to load font information for U+msb on input line 2.

(/usr/share/texmf-dist/tex/latex/amsfonts/umsb.fd
File: umsb.fd 2013/01/14 v3.01 AMS symbols B
))
\tf@toc=\write4

\openout4 = thesis.toc
 [4]
Overfull \hbox (3.36153pt too wide) in paragraph at lines 285--286
[]\TU/TimesNewRoman(0)/m/n/14.4 Ос-нов-ны-ми тре-бо-ва-ни-я-
ми к де-скрип-то-ру яв-ля-ют-ся од-но-знач-но
сть ре-
 []

[5]
Overfull \hbox (1.98114pt too wide) in paragraph at lines 311--312
[]\TU/TimesNewRoman(0)/m/n/14.4 Как пра-ви-ло, де-скрип-то
р пред-став-ля-ет со-бой век-тор-ное зна-че-н
ие, вы-
 []


Overfull \hbox (0.67851pt too wide) in paragraph at lines 316--321
[] 
 []


Underfull \hbox (badness 10000) in paragraph at lines 316--321

 []


Underfull \hbox (badness 10000) in paragraph at lines 330--335

 []

[6]
Overfull \hbox (2.54005pt too wide) in paragraph at lines 348--351
[]\TU/TimesNewRoman(0)/m/n/14.4 В дан-ной ра-бо-те ос-нов-н
ое вни-ма-ние уде-ля-ет-ся ис-ка-же-ни-ям про-
стран-
 []


Overfull \hbox (2.7739pt too wide) in paragraph at lines 348--351
\TU/TimesNewRoman(0)/m/n/14.4 ствен-но-го пре-об-ра-зо-ва-
ния, вы-зван-ны-ми циф-ро-вы-ми шу-ма-ми, по-э
то-му пре-
 []


Overfull \hbox (1.17671pt too wide) in paragraph at lines 352--355
\TU/TimesNewRoman(0)/m/n/14.4 щий од-но-знач-но его ха-ра
к-те-ри-зо-вать. Как пра-ви-ло, это об-ла-сти 
уг-лов круп-
 []

[7]
<images/keypoints/dam.jpg, id=117, 316.18124pt x 326.72063pt>
File: images/keypoints/dam.jpg Graphic file (type jpg)
<use images/keypoints/dam.jpg>
Package luatex.def Info: images/keypoints/dam.jpg  used on input line 358.
(luatex.def)             Requested size: 204.85922pt x 204.85794pt.
<images/keypoints/roads.jpg, id=118, 385.44pt x 382.42876pt>
File: images/keypoints/roads.jpg Graphic file (type jpg)
<use images/keypoints/roads.jpg>
Package luatex.def Info: images/keypoints/roads.jpg  used on input line 359.
(luatex.def)             Requested size: 204.85846pt x 203.25813pt.

Overfull \hbox (4.41914pt too wide) in paragraph at lines 364--366
\TU/TimesNewRoman(0)/m/n/14.4 за-ции ко-то-рых при-сут-ст
ву-ют в биб-лио-те-ке ком-пью-тер-но-го зре-н
ия OpenCV. 
 []

[8<./images/keypoints/dam.jpg><./images/keypoints/roads.jpg>]
<images/descriptors/sift.jpg, id=125, 770.88pt x 468.24937pt>
File: images/descriptors/sift.jpg Graphic file (type jpg)
<use images/descriptors/sift.jpg>
Package luatex.def Info: images/descriptors/sift.jpg  used on input line 374.
(luatex.def)             Requested size: 227.62206pt x 138.26097pt.

Overfull \hbox (2.49033pt too wide) in paragraph at lines 381--382
\TU/TimesNewRoman(0)/m/n/14.4 за-ции па-рал-лель-ных вы-ч
ис-ле-ний. SURF ис-поль-зу-ет де-тек-тор BLOB (Binary
 []


Overfull \hbox (6.91977pt too wide) in paragraph at lines 381--382
\TU/TimesNewRoman(0)/m/n/14.4 стро-е-ние де-скрип-то-ров 
ос-но-вы-ва-ет-ся на вейвлет-образах (wavelet respo
nses)
 []

[9<./images/descriptors/sift.jpg>]
<images/descriptors/surf.jpg, id=134, 770.88pt x 468.24937pt>
File: images/descriptors/surf.jpg Graphic file (type jpg)
<use images/descriptors/surf.jpg>
Package luatex.def Info: images/descriptors/surf.jpg  used on input line 385.
(luatex.def)             Requested size: 227.62206pt x 138.26097pt.
<images/descriptors/orb.jpg, id=136, 770.88pt x 468.24937pt>
File: images/descriptors/orb.jpg Graphic file (type jpg)
<use images/descriptors/orb.jpg>
Package luatex.def Info: images/descriptors/orb.jpg  used on input line 396.
(luatex.def)             Requested size: 227.62206pt x 138.26097pt.
 [10<./images/descriptors/surf.jpg>]
Overfull \hbox (4.71385pt too wide) in paragraph at lines 404--405
[]\TU/TimesNewRoman(0)/m/n/14.4 Для ра-бо-ты с изоб-ра-же-н
и-я-ми из су-ще-ству-ю-щих ви-дов про-стран-с
твен-
 []


Overfull \hbox (1.33018pt too wide) in paragraph at lines 406--407
\TU/TimesNewRoman(0)/m/n/14.4 об-щим слу-ча-ем про-стран-
ствен-ных пре-об-ра-зо-ва-ний [[][]4[][]]. Прак-ти-
че-скую цен-
 []


Overfull \hbox (9.80278pt too wide) in paragraph at lines 406--407
\TU/TimesNewRoman(0)/m/n/14.4 на фо-то-гра-фи-ях, воз-ни-к
а-ю-щим, ес-ли сни-ма-е-мые объ-ек-ты на-хо-дя
т-ся не плос-
 []


Overfull \hbox (12.6123pt too wide) in paragraph at lines 408--409
[]\TU/TimesNewRoman(0)/m/n/14.4 Про-ек-тив-ные пре-об-ра-з
о-ва-ния отоб-ра-жа-ют про-ек-цию дву-мер-но-
го изоб-
 []

[11<./images/descriptors/orb.jpg>]
Underfull \hbox (badness 10000) in paragraph at lines 419--421

 []


Underfull \hbox (badness 10000) in paragraph at lines 433--434

 []


Overfull \hbox (5.41006pt too wide) in paragraph at lines 436--437
[]\TU/TimesNewRoman(0)/m/n/14.4 В со-от-вет-ствии с пра-ви-
ла-ми мат-рич-но-го умно-же-ния, ко-ор-ди-на-т
ы пик-
 []


Overfull \hbox (3.51277pt too wide) in paragraph at lines 442--443
[]\TU/TimesNewRoman(0)/m/n/14.4 От-ме-тим, что ис-поль-зо-в
а-ние в ка-че-стве мат-ри-цы пре-об-ра-зо-ва-н
ия еди-
 []


Overfull \hbox (8.61227pt too wide) in paragraph at lines 442--443
\TU/TimesNewRoman(0)/m/n/14.4 ме-не-ний. На ри-сун-ке [][]5[][]
 при-ве-ден при-мер про-ек-тив-ных пре-об-ра-
зо-ва-ний изоб-
 []

<images/transforms/projection.jpg, id=155, 540.51938pt x 671.50874pt>
File: images/transforms/projection.jpg Graphic file (type jpg)
<use images/transforms/projection.jpg>
Package luatex.def Info: images/transforms/projection.jpg  used on input line 44
6.
(luatex.def)             Requested size: 182.09486pt x 226.21968pt.
[12] [13<./images/transforms/projection.jpg>]
Overfull \hbox (2.89514pt too wide) in paragraph at lines 482--490
[]\TU/TimesNewRoman(0)/m/n/14.4 Рас-смот-рим на-хож-де-ние 
про-стран-ствен-но-го пре-об-ра-зо-ва-ния по 
опор-
 []


Underfull \hbox (badness 10000) in paragraph at lines 507--518

 []

[14]
Overfull \hbox (1.37872pt too wide) in paragraph at lines 541--545
[]\TU/TimesNewRoman(0)/m/n/14.4 Вы-чис-лен-ный на-бор ко-э
ф-фи-ци-ен-тов под-став-ля-ет-ся в вы-ра-же-ни
е пре-
 []

[15]
Overfull \hbox (2.92917pt too wide) in paragraph at lines 549--551
[]\TU/TimesNewRoman(0)/m/n/14.4 Циф-ро-вым шу-мом изоб-ра-
же-ния на-зы-ва-ют де-фек-ты, вно-си-мые в изо
б-
 []


Overfull \hbox (1.83327pt too wide) in paragraph at lines 555--556
[]\TU/TimesNewRoman(0)/m/n/14.4 Муль-ти-пли-ка-тив-ные -- з
на-че-ние шу-ма умно-жа-ет-ся на зна-че-ние с
иг-
 []


Overfull \hbox (15.89246pt too wide) in paragraph at lines 559--560
[]\TU/TimesNewRoman(0)/m/n/14.4 Рас-смот-рим несколь-ко м
а-те-ма-ти-че-ских мо-де-лей циф-ро-во-го шу-м
а, стан-
 []


Underfull \hbox (badness 10000) in paragraph at lines 559--560

 []

[16]
Underfull \hbox (badness 10000) in paragraph at lines 563--570

 []

<images/noises/original.jpg, id=191, 192.72pt x 191.21437pt>
File: images/noises/original.jpg Graphic file (type jpg)
<use images/noises/original.jpg>
Package luatex.def Info: images/noises/original.jpg  used on input line 575.
(luatex.def)             Requested size: 159.33821pt x 158.09224pt.
<images/noises/gauss.jpg, id=192, 192.72pt x 191.21437pt>
File: images/noises/gauss.jpg Graphic file (type jpg)
<use images/noises/gauss.jpg>
Package luatex.def Info: images/noises/gauss.jpg  used on input line 576.
(luatex.def)             Requested size: 159.33821pt x 158.09224pt.
<images/noises/gauss_big.jpg, id=193, 128.73094pt x 108.405pt>
File: images/noises/gauss_big.jpg Graphic file (type jpg)
<use images/noises/gauss_big.jpg>
Package luatex.def Info: images/noises/gauss_big.jpg  used on input line 583.
(luatex.def)             Requested size: 159.33821pt x 134.19087pt.
[17<./images/noises/original.jpg><./images/noises/gauss.jpg>]
Overfull \hbox (2.50848pt too wide) in paragraph at lines 588--589
[]\TU/TimesNewRoman(0)/bx/n/14.4 Шум соль-перец \TU/TimesNewRoman(0
)/m/n/14.4 -- слу-чай-ный им-пульс-ный шум c неза-в
и-си-мы-ми зна-
 []

File: images/noises/original.jpg Graphic file (type jpg)
<use images/noises/original.jpg>
Package luatex.def Info: images/noises/original.jpg  used on input line 592.
(luatex.def)             Requested size: 159.33821pt x 158.09224pt.
<images/noises/sp.jpg, id=203, 192.72pt x 191.21437pt>
File: images/noises/sp.jpg Graphic file (type jpg)
<use images/noises/sp.jpg>
Package luatex.def Info: images/noises/sp.jpg  used on input line 593.
(luatex.def)             Requested size: 159.33821pt x 158.09224pt.
<images/noises/sp_big.jpg, id=204, 127.22531pt x 107.65219pt>
File: images/noises/sp_big.jpg Graphic file (type jpg)
<use images/noises/sp_big.jpg>
Package luatex.def Info: images/noises/sp_big.jpg  used on input line 600.
(luatex.def)             Requested size: 159.33821pt x 134.831pt.
[18<./images/noises/gauss_big.jpg><./images/noises/sp.jpg><./images/noises/sp_bi
g.jpg>]
Underfull \hbox (badness 10000) in paragraph at lines 616--622

 []

File: images/noises/original.jpg Graphic file (type jpg)
<use images/noises/original.jpg>
Package luatex.def Info: images/noises/original.jpg  used on input line 626.
(luatex.def)             Requested size: 159.33821pt x 158.09224pt.
<images/noises/blur.jpg, id=214, 192.72pt x 191.21437pt>
File: images/noises/blur.jpg Graphic file (type jpg)
<use images/noises/blur.jpg>
Package luatex.def Info: images/noises/blur.jpg  used on input line 627.
(luatex.def)             Requested size: 159.33821pt x 158.09224pt.
<images/noises/blur_big.jpg, id=215, 130.23656pt x 103.13531pt>
File: images/noises/blur_big.jpg Graphic file (type jpg)
<use images/noises/blur_big.jpg>
Package luatex.def Info: images/noises/blur_big.jpg  used on input line 633.
(luatex.def)             Requested size: 159.33821pt x 126.1821pt.
[19<./images/noises/blur.jpg>]
Overfull \hbox (0.61067pt too wide) in paragraph at lines 639--641
\TU/TimesNewRoman(0)/m/n/14.4 де-ля-ют-ся как функ-ции от 
яр-ко-сти опре-де-лен-ной окрест-но-сти пик-
се-ля. Зная
 []

[20<./images/noises/blur_big.jpg>]
Overfull \hbox (11.61862pt too wide) in paragraph at lines 649--651
[]\TU/TimesNewRoman(0)/m/n/14.4 Функ-ция, осу-ществ-ля-ю-щ
ая про-це-ду-ру сов-ме-ще-ния, при-ни-ма-ет на 
вход
 []


Overfull \hbox (6.15596pt too wide) in paragraph at lines 649--651
\TU/TimesNewRoman(0)/m/n/14.4 два изоб-ра-же-ния и тип ис-
поль-зу-е-мо-го де-скрип-то-ра. Ис-поль-зу-ют-
ся де-скрип-
 []

(/usr/share/texmf-dist/tex/latex/listings/lstlang1.sty
File: lstlang1.sty 2019/09/10 1.8c listings language file
) [21]
Overfull \hbox (3.23618pt too wide) in paragraph at lines 688--690
[]\TU/TimesNewRoman(0)/m/n/14.4 По-сле на-хож-де-ния сов-п
ав-ших то-чек, по их на-бо-рам для каж-до-го и
зоб-
 []

[22] [23]

Package hyperref Warning: Token not allowed in a PDF string (Unicode):
(hyperref)                \hskip 28.79999pt
(hyperref)                replaced by space on input line 708.

[24] [25]
<images/samples/blur_matches.jpg, id=287, 578.16pt x 578.16pt>
File: images/samples/blur_matches.jpg Graphic file (type jpg)
<use images/samples/blur_matches.jpg>
Package luatex.def Info: images/samples/blur_matches.jpg  used on input line 726
.
(luatex.def)             Requested size: 295.90588pt x 295.8987pt.
<images/samples/blur_result.jpg, id=288, 385.44pt x 578.16pt>
File: images/samples/blur_result.jpg Graphic file (type jpg)
<use images/samples/blur_result.jpg>
Package luatex.def Info: images/samples/blur_result.jpg  used on input line 733.

(luatex.def)             Requested size: 204.85846pt x 307.28789pt.
 [26<./images/samples/blur_matches.jpg><./images/samples/blur_result.jpg>] [27]
<images/ex1/Rand_noises_matches.png, id=300, 462.528pt x 346.896pt>
File: images/ex1/Rand_noises_matches.png Graphic file (type png)
<use images/ex1/Rand_noises_matches.png>
Package luatex.def Info: images/ex1/Rand_noises_matches.png  used on input line 
793.
(luatex.def)             Requested size: 341.43307pt x 256.08499pt.
<images/ex1/Rand_noises_displacement.png, id=301, 462.528pt x 346.896pt>
File: images/ex1/Rand_noises_displacement.png Graphic file (type png)
<use images/ex1/Rand_noises_displacement.png>
Package luatex.def Info: images/ex1/Rand_noises_displacement.png  used on input 
line 794.
(luatex.def)             Requested size: 341.43307pt x 256.08499pt.
 [28] [29<./images/ex1/Rand_noises_matches.png><./images/ex1/Rand_noises_displac
ement.png>]
Overfull \hbox (34.69981pt too wide) in paragraph at lines 800--801
[]\TU/TimesNewRoman(0)/m/n/14.4 При ис-поль-зо-ва-нии слу-
чай-ных шу-мов экс-пе-ри-мент про-из-во-дил-с
я несколь-
 []

<images/ex2/gauss/Rand_noises_matches.png, id=317, 462.528pt x 346.896pt>
File: images/ex2/gauss/Rand_noises_matches.png Graphic file (type png)
<use images/ex2/gauss/Rand_noises_matches.png>
Package luatex.def Info: images/ex2/gauss/Rand_noises_matches.png  used on input
 line 808.
(luatex.def)             Requested size: 341.43307pt x 256.08499pt.
<images/ex2/gauss/Rand_noises_displacement.png, id=318, 462.528pt x 346.896pt>
File: images/ex2/gauss/Rand_noises_displacement.png Graphic file (type png)
<use images/ex2/gauss/Rand_noises_displacement.png>
Package luatex.def Info: images/ex2/gauss/Rand_noises_displacement.png  used on 
input line 809.
(luatex.def)             Requested size: 341.43307pt x 256.08499pt.
[30]
<images/ex2/sp/Rand_noises_matches.png, id=327, 462.528pt x 346.896pt>
File: images/ex2/sp/Rand_noises_matches.png Graphic file (type png)
<use images/ex2/sp/Rand_noises_matches.png>
Package luatex.def Info: images/ex2/sp/Rand_noises_matches.png  used on input li
ne 816.
(luatex.def)             Requested size: 341.43307pt x 256.08499pt.
<images/ex2/sp/Rand_noises_displacement.png, id=328, 462.528pt x 346.896pt>
File: images/ex2/sp/Rand_noises_displacement.png Graphic file (type png)
<use images/ex2/sp/Rand_noises_displacement.png>
Package luatex.def Info: images/ex2/sp/Rand_noises_displacement.png  used on inp
ut line 817.
(luatex.def)             Requested size: 341.43307pt x 256.08499pt.
 [31<./images/ex2/gauss/Rand_noises_matches.png><./images/ex2/gauss/Rand_noises_
displacement.png>] [32<./images/ex2/sp/Rand_noises_matches.png><./images/ex2/sp/
Rand_noises_displacement.png>]
Overfull \hbox (2.3432pt too wide) in paragraph at lines 831--832
[]\TU/TimesNewRoman(0)/m/n/14.4 При раз-мы-тии изоб-ра-же-
ния де-скрип-тор ORB рань-ше дру-гих рас-смот-
 []

<images/ex1/Rand_noises_d_by_m.png, id=342, 462.528pt x 346.896pt>
File: images/ex1/Rand_noises_d_by_m.png Graphic file (type png)
<use images/ex1/Rand_noises_d_by_m.png>
Package luatex.def Info: images/ex1/Rand_noises_d_by_m.png  used on input line 8
39.
(luatex.def)             Requested size: 341.43307pt x 256.08499pt.
[33]
<images/fails/result.jpg, id=351, 385.44pt x 578.16pt>
File: images/fails/result.jpg Graphic file (type jpg)
<use images/fails/result.jpg>
Package luatex.def Info: images/fails/result.jpg  used on input line 848.
(luatex.def)             Requested size: 204.85846pt x 307.28789pt.
 [34<./images/ex1/Rand_noises_d_by_m.png>]
<images/ex2/gauss/Rand_noises_displacement_big.png, id=361, 462.528pt x 346.896p
t>
File: images/ex2/gauss/Rand_noises_displacement_big.png Graphic file (type png)
<use images/ex2/gauss/Rand_noises_displacement_big.png>
Package luatex.def Info: images/ex2/gauss/Rand_noises_displacement_big.png  used
 on input line 857.
(luatex.def)             Requested size: 273.14923pt x 204.87329pt.
<images/ex2/sp/Rand_noises_displacement_big.png, id=362, 462.528pt x 346.896pt>
File: images/ex2/sp/Rand_noises_displacement_big.png Graphic file (type png)
<use images/ex2/sp/Rand_noises_displacement_big.png>
Package luatex.def Info: images/ex2/sp/Rand_noises_displacement_big.png  used on
 input line 864.
(luatex.def)             Requested size: 273.14923pt x 204.87329pt.
 [35<./images/fails/result.jpg><./images/ex2/gauss/Rand_noises_displacement_big.
png>]
<images/ex2/gauss/Rand_noises_d_by_m.png, id=371, 462.528pt x 346.896pt>
File: images/ex2/gauss/Rand_noises_d_by_m.png Graphic file (type png)
<use images/ex2/gauss/Rand_noises_d_by_m.png>
Package luatex.def Info: images/ex2/gauss/Rand_noises_d_by_m.png  used on input 
line 873.
(luatex.def)             Requested size: 273.14923pt x 204.87329pt.
<images/ex2/sp/Rand_noises_d_by_m.png, id=372, 462.528pt x 346.896pt>
File: images/ex2/sp/Rand_noises_d_by_m.png Graphic file (type png)
<use images/ex2/sp/Rand_noises_d_by_m.png>
Package luatex.def Info: images/ex2/sp/Rand_noises_d_by_m.png  used on input lin
e 880.
(luatex.def)             Requested size: 273.14923pt x 204.87329pt.
 [36<./images/ex2/sp/Rand_noises_displacement_big.png><./images/ex2/gauss/Rand_n
oises_d_by_m.png>]
Overfull \hbox (0.94116pt too wide) in paragraph at lines 891--895
\TU/TimesNewRoman(0)/m/n/14.4 но-сти. Ху-же все-го в про-в
е-ден-ных экс-пе-ри-мен-тах от-ра-бо-тал ал-г
о-ритм ORB,
 []

[37<./images/ex2/sp/Rand_noises_d_by_m.png>] [38] [39]
Overfull \hbox (0.19089pt too wide) in paragraph at lines 937--938
\TU/TimesNewRoman(0)/m/n/14.4 formance Comparison for Distorted Images [Эле
к-трон-ный ре-сурс] / E. Karami,
 []

[40]
Overfull \hbox (17.78358pt too wide) in paragraph at lines 942--943
[]\TU/TimesNewRoman(0)/m/n/14.4 Deng, G. An adaptive Gaussian filter for noise 
reduction and edge detection
 []

[41] (./src/stitching.py [42] [43] [44] [45] [46] [47] [48] [49] [50] [51]
[52] [53] [54] [55] [56] [57] [58] [59] [60]) [61]

AED: lastpage setting LastPage
Package atveryend Info: Empty hook `BeforeClearDocument' on input line 965.
Package atveryend Info: Empty hook `AfterLastShipout' on input line 965.
(./thesis.aux)
Package atveryend Info: Executing hook `AtVeryEndDocument' on input line 965.
Package atveryend Info: Executing hook `AtEndAfterFileList' on input line 965.
Package rerunfilecheck Info: File `thesis.out' has not changed.
(rerunfilecheck)             Checksum: 21FFFF32CAC832485D281F4EA08EA2F9;3911.


LaTeX Font Warning: Some font shapes were not available, defaults substituted.

)
(\end occurred inside a group at level 1)

### simple group (level 1) entered at line 928 ({)
### bottom level

Here is how much of LuaTeX's memory you used:
 31487 strings out of 493864
 305240,953878 words of node,token memory allocated
 691 words of node memory still in use:
   7 hlist, 2 vlist, 2 rule, 1 dir, 2 glue, 4 kern, 1 glyph, 48 attribute, 64 gl
ue_spec, 26 attribute_list, 2 write, 1 pdf_action nodes
   avail lists: 1:5,2:12868,3:259,4:1029,5:5978,6:127,7:12989,8:44,9:10869,10:33
,11:502
 34168 multiletter control sequences out of 65536+600000
 71 fonts using 11055359 bytes
 52i,15n,92p,1370b,1037s stack positions out of 5000i,500n,10000p,200000b,100000s
</usr/share/texmf-dist/fonts/opentype/public/lm/lmmono10-regular.otf></usr/share
/texmf-dist/fonts/opentype/public/lm/lmmono10-italic.otf></usr/share/fonts/TTF/t
imesi.ttf></usr/share/fonts/TTF/times.ttf></usr/share/fonts/TTF/timesbd.ttf></us
r/share/texmf-dist/fonts/type1/public/amsfonts/cm/cmex10.pfb></usr/share/texmf-d
ist/fonts/type1/public/amsfonts/cm/cmmi10.pfb></usr/share/texmf-dist/fonts/type1
/public/amsfonts/cm/cmmi12.pfb></usr/share/texmf-dist/fonts/type1/public/amsfont
s/cm/cmr10.pfb></usr/share/texmf-dist/fonts/type1/public/amsfonts/cm/cmr12.pfb><
/usr/share/texmf-dist/fonts/type1/public/amsfonts/cm/cmsy10.pfb></usr/share/texm
f-dist/fonts/type1/public/amsfonts/symbols/msbm10.pfb>
Output written on thesis.pdf (59 pages, 2959320 bytes).

PDF statistics: 1351 PDF objects out of 1440 (max. 8388607)
 1217 compressed objects within 13 object streams
 914 named destinations out of 1000 (max. 131072)
 105 words of extra memory for PDF output out of 10000 (max. 100000000)

